-------------------------------------------------------------------------------
Test set: runner.TestRunner
-------------------------------------------------------------------------------
Tests run: 1, Failures: 0, Errors: 1, Skipped: 0, Time elapsed: 1.186 sec <<< FAILURE!
New customer registration(Verify Registration Functionality)  Time elapsed: 0.201 sec  <<< ERROR!
io.cucumber.junit.UndefinedStepException: The step 'I am on the registration page' and 5 other step(s) are undefined.
You can implement these steps using the snippet(s) below:

@Given("I am on the registration page")
public void i_am_on_the_registration_page() {
    // Write code here that turns the phrase above into concrete actions
    throw new io.cucumber.java.PendingException();
}
@When("I enter a valid Username {string}")
public void i_enter_a_valid_username(String string) {
    // Write code here that turns the phrase above into concrete actions
    throw new io.cucumber.java.PendingException();
}
@When("I enter a valid Email address {string}")
public void i_enter_a_valid_email_address(String string) {
    // Write code here that turns the phrase above into concrete actions
    throw new io.cucumber.java.PendingException();
}
@When("I enter a valid Password {string}")
public void i_enter_a_valid_password(String string) {
    // Write code here that turns the phrase above into concrete actions
    throw new io.cucumber.java.PendingException();
}
@When("I submit the registration form")
public void i_submit_the_registration_form() {
    // Write code here that turns the phrase above into concrete actions
    throw new io.cucumber.java.PendingException();
}
@Then("I should be automatically redirected to the customer login page")
public void i_should_be_automatically_redirected_to_the_customer_login_page() {
    // Write code here that turns the phrase above into concrete actions
    throw new io.cucumber.java.PendingException();
}


